-------------------------------------------------------------------------------
Test set: example.project.TestDotPlot
-------------------------------------------------------------------------------
Tests run: 1, Failures: 1, Errors: 0, Skipped: 0, Time elapsed: 0.055 s <<< FAILURE! - in example.project.TestDotPlot
test_computeDotPlot  Time elapsed: 0.044 s  <<< FAILURE!
org.opentest4j.AssertionFailedError: expected: <12> but was: <11>
	at example.project.TestDotPlot.test_computeDotPlot(TestDotPlot.java:46)

